Content-Type: text/plain; charset="utf-8"
MIME-Version: 1.0
Content-Transfer-Encoding: 8bit
Subject: 
 =?utf-8?b?0KHQsdGA0L7RgSDQv9Cw0YDQvtC70Y8g0L3QsCBsb2NhbGhvc3Q6ODAwMA==?=
From: webmaster@localhost
To: info@toptimum.ru
Date: Wed, 30 Oct 2019 16:05:02 -0000
Message-ID: <157245150207.11240.708581998799869810@DESKTOP-KILKVMD.Dlink>



Здравствуйте!

Вы отправили запрос на сброс пароля.

Чтобы выполнить сброс, пройдите по этой ссылке:
http://localhost:8000/auth/profile/password_reset/MTc/5b0-57b65d3f801f5362df7d/

-----------------------------------------
С уважением,
администрация сайта localhost:8000


-------------------------------------------------------------------------------
Content-Type: text/plain; charset="utf-8"
MIME-Version: 1.0
Content-Transfer-Encoding: 8bit
Subject: 
 =?utf-8?b?0KHQsdGA0L7RgSDQv9Cw0YDQvtC70Y8g0L3QsCBsb2NhbGhvc3Q6ODAwMA==?=
From: webmaster@localhost
To: info@toptimum.ru
Date: Wed, 30 Oct 2019 16:05:02 -0000
Message-ID: <157245150209.11240.2660564858342713954@DESKTOP-KILKVMD.Dlink>



Здравствуйте!

Вы отправили запрос на сброс пароля.

Чтобы выполнить сброс, пройдите по этой ссылке:
http://localhost:8000/auth/profile/password_reset/MQ/5b0-1b35b1e9f7806d6d7efc/

-----------------------------------------
С уважением,
администрация сайта localhost:8000


-------------------------------------------------------------------------------
